<?xml version="1.0" encoding="UTF-8"?>
<!-- Generated by org.testng.reporters.JUnitReportReporter -->
<testsuite hostname="DESKTOP-UJP16G5" failures="0" tests="1" name="com.opensourse.admin.qa.TC002_Admin_SearchEmployee_NotExist_POM" time="6.218" errors="0" timestamp="05 jul 2021 23:38:08 GMT" skipped="0">
  <testcase classname="com.opensourse.admin.qa.TC002_Admin_SearchEmployee_NotExist_POM" name="TC002_Admin_SearchEmployee_NotExist_POM_Script" time="6.218"/>
</testsuite> <!-- com.opensourse.admin.qa.TC002_Admin_SearchEmployee_NotExist_POM -->
