<?xml version="1.0" encoding="UTF-8"?>
<!-- Generated by org.testng.reporters.JUnitReportReporter -->
<testsuite hostname="DESKTOP-UJP16G5" failures="0" tests="1" name="com.opensourse.admin.qa.POM.TC004_Admin_DeleteUser_POM" time="5.726" errors="0" timestamp="07 jul 2021 17:11:49 GMT" skipped="0">
  <testcase classname="com.opensourse.admin.qa.POM.TC004_Admin_DeleteUser_POM" name="TC004_Admin_DeleteUser_POM_Script" time="5.726"/>
</testsuite> <!-- com.opensourse.admin.qa.POM.TC004_Admin_DeleteUser_POM -->
