<?xml version="1.0" encoding="UTF-8"?>
<!-- Generated by org.testng.reporters.JUnitReportReporter -->
<testsuite hostname="DESKTOP-UJP16G5" failures="0" tests="1" name="com.opensourse.admin.qa.TC003_Admin_AddNewUser" time="9.452" errors="0" timestamp="26 jun 2021 17:49:18 GMT" skipped="0">
  <testcase classname="com.opensourse.admin.qa.TC003_Admin_AddNewUser" name="TC003_Admin_AddNewUser_Scrip" time="9.452"/>
</testsuite> <!-- com.opensourse.admin.qa.TC003_Admin_AddNewUser -->
