<?xml version="1.0" encoding="UTF-8"?>
<!-- Generated by org.testng.reporters.JUnitReportReporter -->
<testsuite hostname="DESKTOP-UJP16G5" failures="0" tests="1" name="com.google.GoogleTest" time="2.958" errors="0" timestamp="19 jun 2021 16:45:35 GMT" skipped="0">
  <testcase classname="com.google.GoogleTest" name="f" time="2.958"/>
</testsuite> <!-- com.google.GoogleTest -->
