<?xml version="1.0" encoding="UTF-8"?>
<!-- Generated by org.testng.reporters.JUnitReportReporter -->
<testsuite hostname="DESKTOP-UJP16G5" failures="0" tests="1" name="com.opensourse.admin.qa.TC001_Admin_SearchEmployee" time="6.384" errors="0" timestamp="03 jul 2021 15:59:11 GMT" skipped="0">
  <testcase classname="com.opensourse.admin.qa.TC001_Admin_SearchEmployee" name="TC001_Admin_SearchEmployee_Script" time="6.384"/>
</testsuite> <!-- com.opensourse.admin.qa.TC001_Admin_SearchEmployee -->
