<?xml version="1.0" encoding="UTF-8"?>
<!-- Generated by org.testng.reporters.JUnitReportReporter -->
<testsuite hostname="DESKTOP-UJP16G5" failures="0" tests="1" name="com.perro.itesoForce" time="7.175" errors="0" timestamp="05 jul 2021 15:50:36 GMT" skipped="0">
  <testcase classname="com.perro.itesoForce" name="itesoForceLogin" time="7.175"/>
</testsuite> <!-- com.perro.itesoForce -->
