<?xml version="1.0" encoding="UTF-8"?>
<!-- Generated by org.testng.reporters.JUnitReportReporter -->
<testsuite hostname="DESKTOP-UJP16G5" failures="0" tests="1" name="com.opensourse.admin.qa.TC001_Admin_SearchEmployee" time="6.004" errors="0" timestamp="26 jun 2021 15:16:48 GMT" skipped="0">
  <testcase classname="com.opensourse.admin.qa.TC001_Admin_SearchEmployee" name="TC001_Admin_SearchEmployee_Script" time="6.004"/>
</testsuite> <!-- com.opensourse.admin.qa.TC001_Admin_SearchEmployee -->
