<?xml version="1.0" encoding="UTF-8"?>
<!-- Generated by org.testng.reporters.JUnitReportReporter -->
<testsuite hostname="DESKTOP-UJP16G5" failures="0" tests="1" name="com.opensourse.admin.qa.TC004_Admin_DeleteUser" time="6.535" errors="0" timestamp="07 jul 2021 01:23:43 GMT" skipped="0">
  <testcase classname="com.opensourse.admin.qa.TC004_Admin_DeleteUser" name="TC004_Admin_DeleteUser_Scrip" time="6.535"/>
</testsuite> <!-- com.opensourse.admin.qa.TC004_Admin_DeleteUser -->
