<?xml version="1.0" encoding="UTF-8"?>
<!-- Generated by org.testng.reporters.JUnitReportReporter -->
<testsuite hostname="DESKTOP-UJP16G5" failures="0" tests="1" name="com.opensourse.admin.qa.TC003_Admin_AddNewUser" time="12.436" errors="0" timestamp="05 jul 2021 23:42:44 GMT" skipped="0">
  <testcase classname="com.opensourse.admin.qa.TC003_Admin_AddNewUser" name="TC003_Admin_AddNewUser_Scrip" time="12.436"/>
</testsuite> <!-- com.opensourse.admin.qa.TC003_Admin_AddNewUser -->
