<?xml version="1.0" encoding="UTF-8"?>
<!-- Generated by org.testng.reporters.JUnitReportReporter -->
<testsuite hostname="DESKTOP-UJP16G5" failures="0" tests="1" name="com.opensourse.admin.qa.TC001_Admin_SearchEmployee_POM" time="5.238" errors="0" timestamp="05 jul 2021 22:28:50 GMT" skipped="0">
  <testcase classname="com.opensourse.admin.qa.TC001_Admin_SearchEmployee_POM" name="TC001_Admin_SEarchEmployee_POM_Script" time="5.238"/>
</testsuite> <!-- com.opensourse.admin.qa.TC001_Admin_SearchEmployee_POM -->
