<?xml version="1.0" encoding="UTF-8"?>
<!-- Generated by org.testng.reporters.JUnitReportReporter -->
<testsuite hostname="DESKTOP-UJP16G5" failures="0" tests="1" name="com.google.GoogleTest" time="3.101" errors="0" timestamp="05 jun 2021 14:26:05 GMT" skipped="0">
  <testcase classname="com.google.GoogleTest" name="f" time="3.101"/>
</testsuite> <!-- com.google.GoogleTest -->
