<?xml version="1.0" encoding="UTF-8"?>
<!-- Generated by org.testng.reporters.JUnitReportReporter -->
<testsuite hostname="DESKTOP-UJP16G5" failures="0" tests="1" name="com.opensourse.admin.qa.TC002_Admin_SearchEmployee_NotExist" time="6.183" errors="0" timestamp="26 jun 2021 15:04:29 GMT" skipped="0">
  <testcase classname="com.opensourse.admin.qa.TC002_Admin_SearchEmployee_NotExist" name="TC002_Admin_SearchEmployee_NotExist_Script" time="6.183"/>
</testsuite> <!-- com.opensourse.admin.qa.TC002_Admin_SearchEmployee_NotExist -->
