<?xml version="1.0" encoding="UTF-8"?>
<!-- Generated by org.testng.reporters.JUnitReportReporter -->
<testsuite hostname="DESKTOP-UJP16G5" failures="0" tests="1" name="com.opensourse.admin.qa.POM.TC002_Admin_SearchEmployee_NotExist_POM" time="12.564" errors="0" timestamp="10 jul 2021 14:01:38 GMT" skipped="0">
  <testcase classname="com.opensourse.admin.qa.POM.TC002_Admin_SearchEmployee_NotExist_POM" name="TC002_Admin_SearchEmployee_NotExist_POM_Script" time="12.564"/>
</testsuite> <!-- com.opensourse.admin.qa.POM.TC002_Admin_SearchEmployee_NotExist_POM -->
