<?xml version="1.0" encoding="UTF-8"?>
<!-- Generated by org.testng.reporters.JUnitReportReporter -->
<testsuite hostname="DESKTOP-UJP16G5" failures="0" tests="1" name="com.opensourse.admin.qa.POM.TC001_Admin_SearchEmployee_POM" time="4.757" errors="0" timestamp="06 jul 2021 01:43:09 GMT" skipped="0">
  <testcase classname="com.opensourse.admin.qa.POM.TC001_Admin_SearchEmployee_POM" name="TC001_Admin_SEarchEmployee_POM_Script" time="4.757"/>
</testsuite> <!-- com.opensourse.admin.qa.POM.TC001_Admin_SearchEmployee_POM -->
