<?xml version="1.0" encoding="UTF-8"?>
<!-- Generated by org.testng.reporters.JUnitReportReporter -->
<testsuite hostname="DESKTOP-UJP16G5" failures="0" tests="1" name="com.opensourse.admin.qa.TC005_Admin_CreateUserDisabled" time="9.420" errors="0" timestamp="07 jul 2021 01:55:25 GMT" skipped="0">
  <testcase classname="com.opensourse.admin.qa.TC005_Admin_CreateUserDisabled" name="TC005_Admin_CreateUserDisabled_Scrip" time="9.420"/>
</testsuite> <!-- com.opensourse.admin.qa.TC005_Admin_CreateUserDisabled -->
