<?xml version="1.0" encoding="UTF-8"?>
<!-- Generated by org.testng.reporters.JUnitReportReporter -->
<testsuite hostname="DESKTOP-UJP16G5" failures="0" tests="1" name="com.opensourse.admin.qa.TC003_Admin_AddNewUser_POM" time="6.893" errors="0" timestamp="06 jul 2021 00:13:11 GMT" skipped="0">
  <testcase classname="com.opensourse.admin.qa.TC003_Admin_AddNewUser_POM" name="TC003_Admin_AddNewUser_POM_Script" time="6.893"/>
</testsuite> <!-- com.opensourse.admin.qa.TC003_Admin_AddNewUser_POM -->
